  Source.cpp
D:\Game Dev\UCSC\GameEngineering\Game-230\Game230\Source.cpp(129,91): warning C4244: 'argument': conversion from 'T' to 'float', possible loss of data
          with
          [
              T=int
          ]
D:\Game Dev\UCSC\GameEngineering\Game-230\Game230\Source.cpp(129,57): warning C4244: 'argument': conversion from 'T' to 'float', possible loss of data
          with
          [
              T=int
          ]
D:\Game Dev\UCSC\GameEngineering\Game-230\Game230\Source.cpp(130,92): warning C4244: 'argument': conversion from 'T' to 'float', possible loss of data
          with
          [
              T=int
          ]
D:\Game Dev\UCSC\GameEngineering\Game-230\Game230\Source.cpp(130,58): warning C4244: 'argument': conversion from 'T' to 'float', possible loss of data
          with
          [
              T=int
          ]
  LINK : D:\Game Dev\UCSC\GameEngineering\Game-230\Game230\x64\Debug\Game230.exe not found or not built by the last incremental link; performing full link
  Game230.vcxproj -> D:\Game Dev\UCSC\GameEngineering\Game-230\Game230\x64\Debug\Game230.exe
